<?xml version="1.0" encoding="UTF-8"?>
<!-- Generated by org.testng.reporters.JUnitXMLReporter -->
<testsuite ignored="0" hostname="Macbook-Pro" failures="0" tests="5" name="KOEL Automation Tests_Marionette Firefox" time="24.03" errors="0" timestamp="2023-05-15T23:40:35 EDT">
  <testcase classname="com.qa.opencart.tests.LoginPageTest" name="loginPageTitleTest" time="0.045"/>
  <testcase classname="com.qa.opencart.tests.LoginPageTest" name="loginPageUrlTest" time="0.001"/>
  <testcase classname="com.qa.opencart.tests.LoginPageTest" name="doLoginCorrectCredentials" time="0.124"/>
  <testcase classname="com.qa.opencart.tests.LoginPageTest" name="doLoginIncorrectCredentials" time="1.091"/>
  <testcase classname="com.qa.opencart.tests.LoginPageTest" name="doRegisterNewUser" time="0.505"/>
</testsuite> <!-- KOEL Automation Tests_Marionette Firefox -->
