<?xml version="1.0" encoding="UTF-8"?>
<!-- Generated by org.testng.reporters.JUnitXMLReporter -->
<testsuite ignored="0" hostname="Macbook-Pro" failures="0" tests="5" name="KOEL Automation Tests_Google Chromium" time="18.66" errors="0" timestamp="2023-05-15T23:40:31 EDT">
  <testcase classname="com.qa.opencart.tests.LoginPageTest" name="loginPageTitleTest" time="0.045"/>
  <testcase classname="com.qa.opencart.tests.LoginPageTest" name="loginPageUrlTest" time="0.001"/>
  <testcase classname="com.qa.opencart.tests.LoginPageTest" name="doLoginCorrectCredentials" time="0.182"/>
  <testcase classname="com.qa.opencart.tests.LoginPageTest" name="doLoginIncorrectCredentials" time="0.217"/>
  <testcase classname="com.qa.opencart.tests.LoginPageTest" name="doRegisterNewUser" time="0.91"/>
</testsuite> <!-- KOEL Automation Tests_Google Chromium -->
