<?xml version="1.0" encoding="UTF-8"?>
<!-- Generated by org.testng.reporters.JUnitXMLReporter -->
<testsuite ignored="0" hostname="Macbook-Pro" failures="0" tests="5" name="KOEL Automation Tests_Google Chrome" time="74.03" errors="0" timestamp="2023-05-15T23:41:25 EDT">
  <testcase classname="com.qa.opencart.tests.LoginPageTest" name="loginPageTitleTest" time="0.066"/>
  <testcase classname="com.qa.opencart.tests.LoginPageTest" name="loginPageUrlTest" time="0.006"/>
  <testcase classname="com.qa.opencart.tests.LoginPageTest" name="doLoginCorrectCredentials" time="1.51"/>
  <testcase classname="com.qa.opencart.tests.LoginPageTest" name="doLoginIncorrectCredentials" time="1.096"/>
  <testcase classname="com.qa.opencart.tests.LoginPageTest" name="doRegisterNewUser" time="1.036"/>
</testsuite> <!-- KOEL Automation Tests_Google Chrome -->
