<?xml version="1.0" encoding="UTF-8"?>
<!-- Generated by org.testng.reporters.JUnitXMLReporter -->
<testsuite ignored="0" hostname="Macbook-Pro" failures="0" tests="5" name="KOEL Automation Tests_Microsoft Edge" time="63.684" errors="0" timestamp="2023-05-15T23:41:15 EDT">
  <testcase classname="com.qa.opencart.tests.LoginPageTest" name="loginPageTitleTest" time="0.19"/>
  <testcase classname="com.qa.opencart.tests.LoginPageTest" name="loginPageUrlTest" time="0.005"/>
  <testcase classname="com.qa.opencart.tests.LoginPageTest" name="doLoginCorrectCredentials" time="2.022"/>
  <testcase classname="com.qa.opencart.tests.LoginPageTest" name="doLoginIncorrectCredentials" time="1.387"/>
  <testcase classname="com.qa.opencart.tests.LoginPageTest" name="doRegisterNewUser" time="1.897"/>
</testsuite> <!-- KOEL Automation Tests_Microsoft Edge -->
