<?xml version="1.0" encoding="UTF-8"?>
<testsuite xmlns:xsi="http://www.w3.org/2001/XMLSchema-instance" xsi:noNamespaceSchemaLocation="https://maven.apache.org/surefire/maven-surefire-plugin/xsd/surefire-test-report.xsd" name="TestSuite" time="75.303" tests="20" errors="0" skipped="0" failures="0">
  <properties>
[...]
</properties>
  <testcase name="loginPageTitleTest" classname="com.qa.opencart.tests.LoginPageTest" time="0.066"/>
  <testcase name="loginPageTitleTest" classname="com.qa.opencart.tests.LoginPageTest" time="0.072"/>
  <testcase name="loginPageTitleTest" classname="com.qa.opencart.tests.LoginPageTest" time="0.083"/>
  <testcase name="loginPageTitleTest" classname="com.qa.opencart.tests.LoginPageTest" time="0.066"/>
  <testcase name="loginPageUrlTest" classname="com.qa.opencart.tests.LoginPageTest" time="0.001"/>
  <testcase name="loginPageUrlTest" classname="com.qa.opencart.tests.LoginPageTest" time="0.003"/>
  <testcase name="loginPageUrlTest" classname="com.qa.opencart.tests.LoginPageTest" time="0.006"/>
  <testcase name="loginPageUrlTest" classname="com.qa.opencart.tests.LoginPageTest" time="0.005"/>
  <testcase name="doLoginCorrectCredentials" classname="com.qa.opencart.tests.LoginPageTest" time="0.183"/>
  <testcase name="doLoginCorrectCredentials" classname="com.qa.opencart.tests.LoginPageTest" time="0.125"/>
  <testcase name="doLoginCorrectCredentials" classname="com.qa.opencart.tests.LoginPageTest" time="1.558"/>
  <testcase name="doLoginCorrectCredentials" classname="com.qa.opencart.tests.LoginPageTest" time="1.505"/>
  <testcase name="doLoginIncorrectCredentials" classname="com.qa.opencart.tests.LoginPageTest" time="0.219"/>
  <testcase name="doLoginIncorrectCredentials" classname="com.qa.opencart.tests.LoginPageTest" time="1.111"/>
  <testcase name="doLoginIncorrectCredentials" classname="com.qa.opencart.tests.LoginPageTest" time="1.388"/>
  <testcase name="doLoginIncorrectCredentials" classname="com.qa.opencart.tests.LoginPageTest" time="1.096"/>
  <testcase name="doRegisterNewUser" classname="com.qa.opencart.tests.LoginPageTest" time="0.924"/>
  <testcase name="doRegisterNewUser" classname="com.qa.opencart.tests.LoginPageTest" time="0.505"/>
  <testcase name="doRegisterNewUser" classname="com.qa.opencart.tests.LoginPageTest" time="1.898"/>
  <testcase name="doRegisterNewUser" classname="com.qa.opencart.tests.LoginPageTest" time="1.036"/>
</testsuite>