<?xml version="1.0" encoding="UTF-8"?>
<testng-results ignored="0" total="20" passed="20" failed="0" skipped="0">
  <reporter-output>
  </reporter-output>
  <suite started-at="2023-05-15T23:40:11 EDT" name="KOEL Test Smoke Suite" finished-at="2023-05-15T23:41:25 EDT" duration-ms="74030">
    <groups>
    </groups>
    <test started-at="2023-05-15T23:40:11 EDT" name="KOEL Automation Tests_Google Chromium" finished-at="2023-05-15T23:40:30 EDT" duration-ms="18660">
      <class name="com.qa.opencart.tests.LoginPageTest">
        <test-method is-config="true" signature="setup(java.lang.String)[pri:0, instance:com.qa.opencart.tests.LoginPageTest@306f16f3]" started-at="2023-05-15T23:40:11 EDT" name="setup" finished-at="2023-05-15T23:40:19 EDT" duration-ms="7630" status="PASS">
          <params>
            <param index="0">
              <value>
                <![CDATA[chromium]]>
              </value>
            </param>
          </params>
          <reporter-output>
          </reporter-output>
        </test-method> <!-- setup -->
        <test-method signature="loginPageTitleTest()[pri:0, instance:com.qa.opencart.tests.LoginPageTest@306f16f3]" started-at="2023-05-15T23:40:19 EDT" name="loginPageTitleTest" finished-at="2023-05-15T23:40:19 EDT" duration-ms="45" status="PASS">
          <reporter-output>
          </reporter-output>
        </test-method> <!-- loginPageTitleTest -->
        <test-method is-config="true" signature="tearDown()[pri:0, instance:com.qa.opencart.tests.LoginPageTest@306f16f3]" started-at="2023-05-15T23:40:19 EDT" name="tearDown" finished-at="2023-05-15T23:40:19 EDT" duration-ms="172" status="PASS">
          <reporter-output>
          </reporter-output>
        </test-method> <!-- tearDown -->
        <test-method is-config="true" signature="setup(java.lang.String)[pri:0, instance:com.qa.opencart.tests.LoginPageTest@306f16f3]" started-at="2023-05-15T23:40:19 EDT" name="setup" finished-at="2023-05-15T23:40:21 EDT" duration-ms="2264" status="PASS">
          <params>
            <param index="0">
              <value>
                <![CDATA[chromium]]>
              </value>
            </param>
          </params>
          <reporter-output>
          </reporter-output>
        </test-method> <!-- setup -->
        <test-method signature="loginPageUrlTest()[pri:1, instance:com.qa.opencart.tests.LoginPageTest@306f16f3]" started-at="2023-05-15T23:40:21 EDT" name="loginPageUrlTest" finished-at="2023-05-15T23:40:21 EDT" duration-ms="1" status="PASS">
          <reporter-output>
          </reporter-output>
        </test-method> <!-- loginPageUrlTest -->
        <test-method is-config="true" signature="tearDown()[pri:0, instance:com.qa.opencart.tests.LoginPageTest@306f16f3]" started-at="2023-05-15T23:40:21 EDT" name="tearDown" finished-at="2023-05-15T23:40:21 EDT" duration-ms="122" status="PASS">
          <reporter-output>
          </reporter-output>
        </test-method> <!-- tearDown -->
        <test-method is-config="true" signature="setup(java.lang.String)[pri:0, instance:com.qa.opencart.tests.LoginPageTest@306f16f3]" started-at="2023-05-15T23:40:21 EDT" name="setup" finished-at="2023-05-15T23:40:24 EDT" duration-ms="2262" status="PASS">
          <params>
            <param index="0">
              <value>
                <![CDATA[chromium]]>
              </value>
            </param>
          </params>
          <reporter-output>
          </reporter-output>
        </test-method> <!-- setup -->
        <test-method signature="doLoginCorrectCredentials()[pri:2, instance:com.qa.opencart.tests.LoginPageTest@306f16f3]" started-at="2023-05-15T23:40:24 EDT" name="doLoginCorrectCredentials" finished-at="2023-05-15T23:40:24 EDT" duration-ms="182" status="PASS">
          <reporter-output>
          </reporter-output>
        </test-method> <!-- doLoginCorrectCredentials -->
        <test-method is-config="true" signature="tearDown()[pri:0, instance:com.qa.opencart.tests.LoginPageTest@306f16f3]" started-at="2023-05-15T23:40:24 EDT" name="tearDown" finished-at="2023-05-15T23:40:24 EDT" duration-ms="107" status="PASS">
          <reporter-output>
          </reporter-output>
        </test-method> <!-- tearDown -->
        <test-method is-config="true" signature="setup(java.lang.String)[pri:0, instance:com.qa.opencart.tests.LoginPageTest@306f16f3]" started-at="2023-05-15T23:40:24 EDT" name="setup" finished-at="2023-05-15T23:40:26 EDT" duration-ms="2019" status="PASS">
          <params>
            <param index="0">
              <value>
                <![CDATA[chromium]]>
              </value>
            </param>
          </params>
          <reporter-output>
          </reporter-output>
        </test-method> <!-- setup -->
        <test-method signature="doLoginIncorrectCredentials()[pri:3, instance:com.qa.opencart.tests.LoginPageTest@306f16f3]" started-at="2023-05-15T23:40:26 EDT" name="doLoginIncorrectCredentials" finished-at="2023-05-15T23:40:26 EDT" duration-ms="217" status="PASS">
          <reporter-output>
          </reporter-output>
        </test-method> <!-- doLoginIncorrectCredentials -->
        <test-method is-config="true" signature="tearDown()[pri:0, instance:com.qa.opencart.tests.LoginPageTest@306f16f3]" started-at="2023-05-15T23:40:26 EDT" name="tearDown" finished-at="2023-05-15T23:40:26 EDT" duration-ms="124" status="PASS">
          <reporter-output>
          </reporter-output>
        </test-method> <!-- tearDown -->
        <test-method is-config="true" signature="setup(java.lang.String)[pri:0, instance:com.qa.opencart.tests.LoginPageTest@306f16f3]" started-at="2023-05-15T23:40:26 EDT" name="setup" finished-at="2023-05-15T23:40:29 EDT" duration-ms="2205" status="PASS">
          <params>
            <param index="0">
              <value>
                <![CDATA[chromium]]>
              </value>
            </param>
          </params>
          <reporter-output>
          </reporter-output>
        </test-method> <!-- setup -->
        <test-method signature="doRegisterNewUser()[pri:4, instance:com.qa.opencart.tests.LoginPageTest@306f16f3]" started-at="2023-05-15T23:40:29 EDT" name="doRegisterNewUser" finished-at="2023-05-15T23:40:29 EDT" duration-ms="910" status="PASS">
          <reporter-output>
          </reporter-output>
        </test-method> <!-- doRegisterNewUser -->
        <test-method is-config="true" signature="tearDown()[pri:0, instance:com.qa.opencart.tests.LoginPageTest@306f16f3]" started-at="2023-05-15T23:40:29 EDT" name="tearDown" finished-at="2023-05-15T23:40:30 EDT" duration-ms="210" status="PASS">
          <reporter-output>
          </reporter-output>
        </test-method> <!-- tearDown -->
      </class> <!-- com.qa.opencart.tests.LoginPageTest -->
    </test> <!-- KOEL Automation Tests_Google Chromium -->
    <test started-at="2023-05-15T23:40:11 EDT" name="KOEL Automation Tests_Marionette Firefox" finished-at="2023-05-15T23:40:35 EDT" duration-ms="24030">
      <class name="com.qa.opencart.tests.LoginPageTest">
        <test-method is-config="true" signature="setup(java.lang.String)[pri:0, instance:com.qa.opencart.tests.LoginPageTest@550ee7e5]" started-at="2023-05-15T23:40:11 EDT" name="setup" finished-at="2023-05-15T23:40:19 EDT" duration-ms="7629" status="PASS">
          <params>
            <param index="0">
              <value>
                <![CDATA[firefox]]>
              </value>
            </param>
          </params>
          <reporter-output>
          </reporter-output>
        </test-method> <!-- setup -->
        <test-method signature="loginPageTitleTest()[pri:0, instance:com.qa.opencart.tests.LoginPageTest@550ee7e5]" started-at="2023-05-15T23:40:19 EDT" name="loginPageTitleTest" finished-at="2023-05-15T23:40:19 EDT" duration-ms="45" status="PASS">
          <reporter-output>
          </reporter-output>
        </test-method> <!-- loginPageTitleTest -->
        <test-method is-config="true" signature="tearDown()[pri:0, instance:com.qa.opencart.tests.LoginPageTest@550ee7e5]" started-at="2023-05-15T23:40:19 EDT" name="tearDown" finished-at="2023-05-15T23:40:19 EDT" duration-ms="350" status="PASS">
          <reporter-output>
          </reporter-output>
        </test-method> <!-- tearDown -->
        <test-method is-config="true" signature="setup(java.lang.String)[pri:0, instance:com.qa.opencart.tests.LoginPageTest@550ee7e5]" started-at="2023-05-15T23:40:19 EDT" name="setup" finished-at="2023-05-15T23:40:22 EDT" duration-ms="2443" status="PASS">
          <params>
            <param index="0">
              <value>
                <![CDATA[firefox]]>
              </value>
            </param>
          </params>
          <reporter-output>
          </reporter-output>
        </test-method> <!-- setup -->
        <test-method signature="loginPageUrlTest()[pri:1, instance:com.qa.opencart.tests.LoginPageTest@550ee7e5]" started-at="2023-05-15T23:40:22 EDT" name="loginPageUrlTest" finished-at="2023-05-15T23:40:22 EDT" duration-ms="1" status="PASS">
          <reporter-output>
          </reporter-output>
        </test-method> <!-- loginPageUrlTest -->
        <test-method is-config="true" signature="tearDown()[pri:0, instance:com.qa.opencart.tests.LoginPageTest@550ee7e5]" started-at="2023-05-15T23:40:22 EDT" name="tearDown" finished-at="2023-05-15T23:40:23 EDT" duration-ms="1419" status="PASS">
          <reporter-output>
          </reporter-output>
        </test-method> <!-- tearDown -->
        <test-method is-config="true" signature="setup(java.lang.String)[pri:0, instance:com.qa.opencart.tests.LoginPageTest@550ee7e5]" started-at="2023-05-15T23:40:23 EDT" name="setup" finished-at="2023-05-15T23:40:26 EDT" duration-ms="2564" status="PASS">
          <params>
            <param index="0">
              <value>
                <![CDATA[firefox]]>
              </value>
            </param>
          </params>
          <reporter-output>
          </reporter-output>
        </test-method> <!-- setup -->
        <test-method signature="doLoginCorrectCredentials()[pri:2, instance:com.qa.opencart.tests.LoginPageTest@550ee7e5]" started-at="2023-05-15T23:40:26 EDT" name="doLoginCorrectCredentials" finished-at="2023-05-15T23:40:26 EDT" duration-ms="124" status="PASS">
          <reporter-output>
          </reporter-output>
        </test-method> <!-- doLoginCorrectCredentials -->
        <test-method is-config="true" signature="tearDown()[pri:0, instance:com.qa.opencart.tests.LoginPageTest@550ee7e5]" started-at="2023-05-15T23:40:26 EDT" name="tearDown" finished-at="2023-05-15T23:40:27 EDT" duration-ms="1226" status="PASS">
          <reporter-output>
          </reporter-output>
        </test-method> <!-- tearDown -->
        <test-method is-config="true" signature="setup(java.lang.String)[pri:0, instance:com.qa.opencart.tests.LoginPageTest@550ee7e5]" started-at="2023-05-15T23:40:27 EDT" name="setup" finished-at="2023-05-15T23:40:30 EDT" duration-ms="2781" status="PASS">
          <params>
            <param index="0">
              <value>
                <![CDATA[firefox]]>
              </value>
            </param>
          </params>
          <reporter-output>
          </reporter-output>
        </test-method> <!-- setup -->
        <test-method signature="doLoginIncorrectCredentials()[pri:3, instance:com.qa.opencart.tests.LoginPageTest@550ee7e5]" started-at="2023-05-15T23:40:30 EDT" name="doLoginIncorrectCredentials" finished-at="2023-05-15T23:40:31 EDT" duration-ms="1091" status="PASS">
          <reporter-output>
          </reporter-output>
        </test-method> <!-- doLoginIncorrectCredentials -->
        <test-method is-config="true" signature="tearDown()[pri:0, instance:com.qa.opencart.tests.LoginPageTest@550ee7e5]" started-at="2023-05-15T23:40:31 EDT" name="tearDown" finished-at="2023-05-15T23:40:31 EDT" duration-ms="321" status="PASS">
          <reporter-output>
          </reporter-output>
        </test-method> <!-- tearDown -->
        <test-method is-config="true" signature="setup(java.lang.String)[pri:0, instance:com.qa.opencart.tests.LoginPageTest@550ee7e5]" started-at="2023-05-15T23:40:31 EDT" name="setup" finished-at="2023-05-15T23:40:34 EDT" duration-ms="2548" status="PASS">
          <params>
            <param index="0">
              <value>
                <![CDATA[firefox]]>
              </value>
            </param>
          </params>
          <reporter-output>
          </reporter-output>
        </test-method> <!-- setup -->
        <test-method signature="doRegisterNewUser()[pri:4, instance:com.qa.opencart.tests.LoginPageTest@550ee7e5]" started-at="2023-05-15T23:40:34 EDT" name="doRegisterNewUser" finished-at="2023-05-15T23:40:34 EDT" duration-ms="505" status="PASS">
          <reporter-output>
          </reporter-output>
        </test-method> <!-- doRegisterNewUser -->
        <test-method is-config="true" signature="tearDown()[pri:0, instance:com.qa.opencart.tests.LoginPageTest@550ee7e5]" started-at="2023-05-15T23:40:34 EDT" name="tearDown" finished-at="2023-05-15T23:40:35 EDT" duration-ms="801" status="PASS">
          <reporter-output>
          </reporter-output>
        </test-method> <!-- tearDown -->
      </class> <!-- com.qa.opencart.tests.LoginPageTest -->
    </test> <!-- KOEL Automation Tests_Marionette Firefox -->
    <test started-at="2023-05-15T23:40:11 EDT" name="KOEL Automation Tests_Microsoft Edge" finished-at="2023-05-15T23:41:15 EDT" duration-ms="63684">
      <class name="com.qa.opencart.tests.LoginPageTest">
        <test-method is-config="true" signature="setup(java.lang.String)[pri:0, instance:com.qa.opencart.tests.LoginPageTest@49912c99]" started-at="2023-05-15T23:40:11 EDT" name="setup" finished-at="2023-05-15T23:40:34 EDT" duration-ms="22500" status="PASS">
          <params>
            <param index="0">
              <value>
                <![CDATA[edge]]>
              </value>
            </param>
          </params>
          <reporter-output>
          </reporter-output>
        </test-method> <!-- setup -->
        <test-method signature="loginPageTitleTest()[pri:0, instance:com.qa.opencart.tests.LoginPageTest@49912c99]" started-at="2023-05-15T23:40:34 EDT" name="loginPageTitleTest" finished-at="2023-05-15T23:40:34 EDT" duration-ms="190" status="PASS">
          <reporter-output>
          </reporter-output>
        </test-method> <!-- loginPageTitleTest -->
        <test-method is-config="true" signature="tearDown()[pri:0, instance:com.qa.opencart.tests.LoginPageTest@49912c99]" started-at="2023-05-15T23:40:34 EDT" name="tearDown" finished-at="2023-05-15T23:40:34 EDT" duration-ms="661" status="PASS">
          <reporter-output>
          </reporter-output>
        </test-method> <!-- tearDown -->
        <test-method is-config="true" signature="setup(java.lang.String)[pri:0, instance:com.qa.opencart.tests.LoginPageTest@49912c99]" started-at="2023-05-15T23:40:34 EDT" name="setup" finished-at="2023-05-15T23:40:43 EDT" duration-ms="8383" status="PASS">
          <params>
            <param index="0">
              <value>
                <![CDATA[edge]]>
              </value>
            </param>
          </params>
          <reporter-output>
          </reporter-output>
        </test-method> <!-- setup -->
        <test-method signature="loginPageUrlTest()[pri:1, instance:com.qa.opencart.tests.LoginPageTest@49912c99]" started-at="2023-05-15T23:40:43 EDT" name="loginPageUrlTest" finished-at="2023-05-15T23:40:43 EDT" duration-ms="5" status="PASS">
          <reporter-output>
          </reporter-output>
        </test-method> <!-- loginPageUrlTest -->
        <test-method is-config="true" signature="tearDown()[pri:0, instance:com.qa.opencart.tests.LoginPageTest@49912c99]" started-at="2023-05-15T23:40:43 EDT" name="tearDown" finished-at="2023-05-15T23:40:43 EDT" duration-ms="456" status="PASS">
          <reporter-output>
          </reporter-output>
        </test-method> <!-- tearDown -->
        <test-method is-config="true" signature="setup(java.lang.String)[pri:0, instance:com.qa.opencart.tests.LoginPageTest@49912c99]" started-at="2023-05-15T23:40:43 EDT" name="setup" finished-at="2023-05-15T23:40:52 EDT" duration-ms="8350" status="PASS">
          <params>
            <param index="0">
              <value>
                <![CDATA[edge]]>
              </value>
            </param>
          </params>
          <reporter-output>
          </reporter-output>
        </test-method> <!-- setup -->
        <test-method signature="doLoginCorrectCredentials()[pri:2, instance:com.qa.opencart.tests.LoginPageTest@49912c99]" started-at="2023-05-15T23:40:52 EDT" name="doLoginCorrectCredentials" finished-at="2023-05-15T23:40:54 EDT" duration-ms="2022" status="PASS">
          <reporter-output>
          </reporter-output>
        </test-method> <!-- doLoginCorrectCredentials -->
        <test-method is-config="true" signature="tearDown()[pri:0, instance:com.qa.opencart.tests.LoginPageTest@49912c99]" started-at="2023-05-15T23:40:54 EDT" name="tearDown" finished-at="2023-05-15T23:40:54 EDT" duration-ms="407" status="PASS">
          <reporter-output>
          </reporter-output>
        </test-method> <!-- tearDown -->
        <test-method is-config="true" signature="setup(java.lang.String)[pri:0, instance:com.qa.opencart.tests.LoginPageTest@49912c99]" started-at="2023-05-15T23:40:54 EDT" name="setup" finished-at="2023-05-15T23:41:02 EDT" duration-ms="8011" status="PASS">
          <params>
            <param index="0">
              <value>
                <![CDATA[edge]]>
              </value>
            </param>
          </params>
          <reporter-output>
          </reporter-output>
        </test-method> <!-- setup -->
        <test-method signature="doLoginIncorrectCredentials()[pri:3, instance:com.qa.opencart.tests.LoginPageTest@49912c99]" started-at="2023-05-15T23:41:02 EDT" name="doLoginIncorrectCredentials" finished-at="2023-05-15T23:41:04 EDT" duration-ms="1387" status="PASS">
          <reporter-output>
          </reporter-output>
        </test-method> <!-- doLoginIncorrectCredentials -->
        <test-method is-config="true" signature="tearDown()[pri:0, instance:com.qa.opencart.tests.LoginPageTest@49912c99]" started-at="2023-05-15T23:41:04 EDT" name="tearDown" finished-at="2023-05-15T23:41:04 EDT" duration-ms="744" status="PASS">
          <reporter-output>
          </reporter-output>
        </test-method> <!-- tearDown -->
        <test-method is-config="true" signature="setup(java.lang.String)[pri:0, instance:com.qa.opencart.tests.LoginPageTest@49912c99]" started-at="2023-05-15T23:41:04 EDT" name="setup" finished-at="2023-05-15T23:41:12 EDT" duration-ms="7971" status="PASS">
          <params>
            <param index="0">
              <value>
                <![CDATA[edge]]>
              </value>
            </param>
          </params>
          <reporter-output>
          </reporter-output>
        </test-method> <!-- setup -->
        <test-method signature="doRegisterNewUser()[pri:4, instance:com.qa.opencart.tests.LoginPageTest@49912c99]" started-at="2023-05-15T23:41:12 EDT" name="doRegisterNewUser" finished-at="2023-05-15T23:41:14 EDT" duration-ms="1897" status="PASS">
          <reporter-output>
          </reporter-output>
        </test-method> <!-- doRegisterNewUser -->
        <test-method is-config="true" signature="tearDown()[pri:0, instance:com.qa.opencart.tests.LoginPageTest@49912c99]" started-at="2023-05-15T23:41:14 EDT" name="tearDown" finished-at="2023-05-15T23:41:15 EDT" duration-ms="558" status="PASS">
          <reporter-output>
          </reporter-output>
        </test-method> <!-- tearDown -->
      </class> <!-- com.qa.opencart.tests.LoginPageTest -->
    </test> <!-- KOEL Automation Tests_Microsoft Edge -->
    <test started-at="2023-05-15T23:40:11 EDT" name="KOEL Automation Tests_Google Chrome" finished-at="2023-05-15T23:41:25 EDT" duration-ms="74030">
      <class name="com.qa.opencart.tests.LoginPageTest">
        <test-method is-config="true" signature="setup(java.lang.String)[pri:0, instance:com.qa.opencart.tests.LoginPageTest@5939a379]" started-at="2023-05-15T23:40:11 EDT" name="setup" finished-at="2023-05-15T23:40:52 EDT" duration-ms="41043" status="PASS">
          <params>
            <param index="0">
              <value>
                <![CDATA[chrome]]>
              </value>
            </param>
          </params>
          <reporter-output>
          </reporter-output>
        </test-method> <!-- setup -->
        <test-method signature="loginPageTitleTest()[pri:0, instance:com.qa.opencart.tests.LoginPageTest@5939a379]" started-at="2023-05-15T23:40:52 EDT" name="loginPageTitleTest" finished-at="2023-05-15T23:40:52 EDT" duration-ms="66" status="PASS">
          <reporter-output>
          </reporter-output>
        </test-method> <!-- loginPageTitleTest -->
        <test-method is-config="true" signature="tearDown()[pri:0, instance:com.qa.opencart.tests.LoginPageTest@5939a379]" started-at="2023-05-15T23:40:52 EDT" name="tearDown" finished-at="2023-05-15T23:40:52 EDT" duration-ms="257" status="PASS">
          <reporter-output>
          </reporter-output>
        </test-method> <!-- tearDown -->
        <test-method is-config="true" signature="setup(java.lang.String)[pri:0, instance:com.qa.opencart.tests.LoginPageTest@5939a379]" started-at="2023-05-15T23:40:52 EDT" name="setup" finished-at="2023-05-15T23:41:00 EDT" duration-ms="7316" status="PASS">
          <params>
            <param index="0">
              <value>
                <![CDATA[chrome]]>
              </value>
            </param>
          </params>
          <reporter-output>
          </reporter-output>
        </test-method> <!-- setup -->
        <test-method signature="loginPageUrlTest()[pri:1, instance:com.qa.opencart.tests.LoginPageTest@5939a379]" started-at="2023-05-15T23:41:00 EDT" name="loginPageUrlTest" finished-at="2023-05-15T23:41:00 EDT" duration-ms="6" status="PASS">
          <reporter-output>
          </reporter-output>
        </test-method> <!-- loginPageUrlTest -->
        <test-method is-config="true" signature="tearDown()[pri:0, instance:com.qa.opencart.tests.LoginPageTest@5939a379]" started-at="2023-05-15T23:41:00 EDT" name="tearDown" finished-at="2023-05-15T23:41:00 EDT" duration-ms="308" status="PASS">
          <reporter-output>
          </reporter-output>
        </test-method> <!-- tearDown -->
        <test-method is-config="true" signature="setup(java.lang.String)[pri:0, instance:com.qa.opencart.tests.LoginPageTest@5939a379]" started-at="2023-05-15T23:41:00 EDT" name="setup" finished-at="2023-05-15T23:41:07 EDT" duration-ms="6774" status="PASS">
          <params>
            <param index="0">
              <value>
                <![CDATA[chrome]]>
              </value>
            </param>
          </params>
          <reporter-output>
          </reporter-output>
        </test-method> <!-- setup -->
        <test-method signature="doLoginCorrectCredentials()[pri:2, instance:com.qa.opencart.tests.LoginPageTest@5939a379]" started-at="2023-05-15T23:41:07 EDT" name="doLoginCorrectCredentials" finished-at="2023-05-15T23:41:08 EDT" duration-ms="1510" status="PASS">
          <reporter-output>
          </reporter-output>
        </test-method> <!-- doLoginCorrectCredentials -->
        <test-method is-config="true" signature="tearDown()[pri:0, instance:com.qa.opencart.tests.LoginPageTest@5939a379]" started-at="2023-05-15T23:41:08 EDT" name="tearDown" finished-at="2023-05-15T23:41:09 EDT" duration-ms="488" status="PASS">
          <reporter-output>
          </reporter-output>
        </test-method> <!-- tearDown -->
        <test-method is-config="true" signature="setup(java.lang.String)[pri:0, instance:com.qa.opencart.tests.LoginPageTest@5939a379]" started-at="2023-05-15T23:41:09 EDT" name="setup" finished-at="2023-05-15T23:41:16 EDT" duration-ms="7026" status="PASS">
          <params>
            <param index="0">
              <value>
                <![CDATA[chrome]]>
              </value>
            </param>
          </params>
          <reporter-output>
          </reporter-output>
        </test-method> <!-- setup -->
        <test-method signature="doLoginIncorrectCredentials()[pri:3, instance:com.qa.opencart.tests.LoginPageTest@5939a379]" started-at="2023-05-15T23:41:16 EDT" name="doLoginIncorrectCredentials" finished-at="2023-05-15T23:41:17 EDT" duration-ms="1096" status="PASS">
          <reporter-output>
          </reporter-output>
        </test-method> <!-- doLoginIncorrectCredentials -->
        <test-method is-config="true" signature="tearDown()[pri:0, instance:com.qa.opencart.tests.LoginPageTest@5939a379]" started-at="2023-05-15T23:41:17 EDT" name="tearDown" finished-at="2023-05-15T23:41:17 EDT" duration-ms="168" status="PASS">
          <reporter-output>
          </reporter-output>
        </test-method> <!-- tearDown -->
        <test-method is-config="true" signature="setup(java.lang.String)[pri:0, instance:com.qa.opencart.tests.LoginPageTest@5939a379]" started-at="2023-05-15T23:41:17 EDT" name="setup" finished-at="2023-05-15T23:41:24 EDT" duration-ms="6645" status="PASS">
          <params>
            <param index="0">
              <value>
                <![CDATA[chrome]]>
              </value>
            </param>
          </params>
          <reporter-output>
          </reporter-output>
        </test-method> <!-- setup -->
        <test-method signature="doRegisterNewUser()[pri:4, instance:com.qa.opencart.tests.LoginPageTest@5939a379]" started-at="2023-05-15T23:41:24 EDT" name="doRegisterNewUser" finished-at="2023-05-15T23:41:25 EDT" duration-ms="1036" status="PASS">
          <reporter-output>
          </reporter-output>
        </test-method> <!-- doRegisterNewUser -->
        <test-method is-config="true" signature="tearDown()[pri:0, instance:com.qa.opencart.tests.LoginPageTest@5939a379]" started-at="2023-05-15T23:41:25 EDT" name="tearDown" finished-at="2023-05-15T23:41:25 EDT" duration-ms="176" status="PASS">
          <reporter-output>
          </reporter-output>
        </test-method> <!-- tearDown -->
      </class> <!-- com.qa.opencart.tests.LoginPageTest -->
    </test> <!-- KOEL Automation Tests_Google Chrome -->
  </suite> <!-- KOEL Test Smoke Suite -->
</testng-results>
